-------------------------------------------------------------------------------
Test set: com.kexin.admin.TestUserPassword
-------------------------------------------------------------------------------
Tests run: 3, Failures: 0, Errors: 3, Skipped: 0, Time elapsed: 3.215 s <<< FAILURE! - in com.kexin.admin.TestUserPassword
testDecodeBase64  Time elapsed: 1.148 s  <<< ERROR!
org.mybatis.spring.MyBatisSystemException: 
nested exception is org.apache.ibatis.exceptions.PersistenceException: 
### Error querying database.  Cause: org.springframework.jdbc.CannotGetJdbcConnectionException: Failed to obtain JDBC Connection; nested exception is java.sql.SQLRecoverableException: IO 错误: The Network Adapter could not establish the connection
### The error may exist in com/kexin/admin/mapper/LoginUserMapper.java (best guess)
### The error may involve com.kexin.admin.mapper.LoginUserMapper.selectList
### The error occurred while executing a query
### Cause: org.springframework.jdbc.CannotGetJdbcConnectionException: Failed to obtain JDBC Connection; nested exception is java.sql.SQLRecoverableException: IO 错误: The Network Adapter could not establish the connection
	at com.kexin.admin.TestUserPassword.testDecodeBase64(TestUserPassword.java:51)
Caused by: org.apache.ibatis.exceptions.PersistenceException: 

### Error querying database.  Cause: org.springframework.jdbc.CannotGetJdbcConnectionException: Failed to obtain JDBC Connection; nested exception is java.sql.SQLRecoverableException: IO 错误: The Network Adapter could not establish the connection
### The error may exist in com/kexin/admin/mapper/LoginUserMapper.java (best guess)
### The error may involve com.kexin.admin.mapper.LoginUserMapper.selectList
### The error occurred while executing a query
### Cause: org.springframework.jdbc.CannotGetJdbcConnectionException: Failed to obtain JDBC Connection; nested exception is java.sql.SQLRecoverableException: IO 错误: The Network Adapter could not establish the connection
	at com.kexin.admin.TestUserPassword.testDecodeBase64(TestUserPassword.java:51)
Caused by: org.springframework.jdbc.CannotGetJdbcConnectionException: Failed to obtain JDBC Connection; nested exception is java.sql.SQLRecoverableException: IO 错误: The Network Adapter could not establish the connection
	at com.kexin.admin.TestUserPassword.testDecodeBase64(TestUserPassword.java:51)
Caused by: java.sql.SQLRecoverableException: IO 错误: The Network Adapter could not establish the connection
	at com.kexin.admin.TestUserPassword.testDecodeBase64(TestUserPassword.java:51)
Caused by: oracle.net.ns.NetException: The Network Adapter could not establish the connection
	at com.kexin.admin.TestUserPassword.testDecodeBase64(TestUserPassword.java:51)
Caused by: java.net.UnknownHostException: 不知道这样的主机。 (axqsdbscan.sjzyc.cbpm)
	at com.kexin.admin.TestUserPassword.testDecodeBase64(TestUserPassword.java:51)

testCopyLoginName  Time elapsed: 1.042 s  <<< ERROR!
org.mybatis.spring.MyBatisSystemException: 
nested exception is org.apache.ibatis.exceptions.PersistenceException: 
### Error querying database.  Cause: org.springframework.jdbc.CannotGetJdbcConnectionException: Failed to obtain JDBC Connection; nested exception is java.sql.SQLRecoverableException: IO 错误: The Network Adapter could not establish the connection
### The error may exist in com/kexin/admin/mapper/LoginUserMapper.java (best guess)
### The error may involve com.kexin.admin.mapper.LoginUserMapper.selectList
### The error occurred while executing a query
### Cause: org.springframework.jdbc.CannotGetJdbcConnectionException: Failed to obtain JDBC Connection; nested exception is java.sql.SQLRecoverableException: IO 错误: The Network Adapter could not establish the connection
	at com.kexin.admin.TestUserPassword.testCopyLoginName(TestUserPassword.java:27)
Caused by: org.apache.ibatis.exceptions.PersistenceException: 

### Error querying database.  Cause: org.springframework.jdbc.CannotGetJdbcConnectionException: Failed to obtain JDBC Connection; nested exception is java.sql.SQLRecoverableException: IO 错误: The Network Adapter could not establish the connection
### The error may exist in com/kexin/admin/mapper/LoginUserMapper.java (best guess)
### The error may involve com.kexin.admin.mapper.LoginUserMapper.selectList
### The error occurred while executing a query
### Cause: org.springframework.jdbc.CannotGetJdbcConnectionException: Failed to obtain JDBC Connection; nested exception is java.sql.SQLRecoverableException: IO 错误: The Network Adapter could not establish the connection
	at com.kexin.admin.TestUserPassword.testCopyLoginName(TestUserPassword.java:27)
Caused by: org.springframework.jdbc.CannotGetJdbcConnectionException: Failed to obtain JDBC Connection; nested exception is java.sql.SQLRecoverableException: IO 错误: The Network Adapter could not establish the connection
	at com.kexin.admin.TestUserPassword.testCopyLoginName(TestUserPassword.java:27)
Caused by: java.sql.SQLRecoverableException: IO 错误: The Network Adapter could not establish the connection
	at com.kexin.admin.TestUserPassword.testCopyLoginName(TestUserPassword.java:27)
Caused by: oracle.net.ns.NetException: The Network Adapter could not establish the connection
	at com.kexin.admin.TestUserPassword.testCopyLoginName(TestUserPassword.java:27)
Caused by: java.net.UnknownHostException: axqsdbscan.sjzyc.cbpm
	at com.kexin.admin.TestUserPassword.testCopyLoginName(TestUserPassword.java:27)

testEncodeBase64  Time elapsed: 1.009 s  <<< ERROR!
org.mybatis.spring.MyBatisSystemException: 
nested exception is org.apache.ibatis.exceptions.PersistenceException: 
### Error querying database.  Cause: org.springframework.jdbc.CannotGetJdbcConnectionException: Failed to obtain JDBC Connection; nested exception is java.sql.SQLRecoverableException: IO 错误: The Network Adapter could not establish the connection
### The error may exist in com/kexin/admin/mapper/LoginUserMapper.java (best guess)
### The error may involve com.kexin.admin.mapper.LoginUserMapper.selectList
### The error occurred while executing a query
### Cause: org.springframework.jdbc.CannotGetJdbcConnectionException: Failed to obtain JDBC Connection; nested exception is java.sql.SQLRecoverableException: IO 错误: The Network Adapter could not establish the connection
	at com.kexin.admin.TestUserPassword.testEncodeBase64(TestUserPassword.java:39)
Caused by: org.apache.ibatis.exceptions.PersistenceException: 

### Error querying database.  Cause: org.springframework.jdbc.CannotGetJdbcConnectionException: Failed to obtain JDBC Connection; nested exception is java.sql.SQLRecoverableException: IO 错误: The Network Adapter could not establish the connection
### The error may exist in com/kexin/admin/mapper/LoginUserMapper.java (best guess)
### The error may involve com.kexin.admin.mapper.LoginUserMapper.selectList
### The error occurred while executing a query
### Cause: org.springframework.jdbc.CannotGetJdbcConnectionException: Failed to obtain JDBC Connection; nested exception is java.sql.SQLRecoverableException: IO 错误: The Network Adapter could not establish the connection
	at com.kexin.admin.TestUserPassword.testEncodeBase64(TestUserPassword.java:39)
Caused by: org.springframework.jdbc.CannotGetJdbcConnectionException: Failed to obtain JDBC Connection; nested exception is java.sql.SQLRecoverableException: IO 错误: The Network Adapter could not establish the connection
	at com.kexin.admin.TestUserPassword.testEncodeBase64(TestUserPassword.java:39)
Caused by: java.sql.SQLRecoverableException: IO 错误: The Network Adapter could not establish the connection
	at com.kexin.admin.TestUserPassword.testEncodeBase64(TestUserPassword.java:39)
Caused by: oracle.net.ns.NetException: The Network Adapter could not establish the connection
	at com.kexin.admin.TestUserPassword.testEncodeBase64(TestUserPassword.java:39)
Caused by: java.net.UnknownHostException: axqsdbscan.sjzyc.cbpm
	at com.kexin.admin.TestUserPassword.testEncodeBase64(TestUserPassword.java:39)

